/hppfs/work/pr28fi/di38jil/npb-shared/npb-lrz/npbench/benchmarks/stockham_fft/stockham_fft_numba_o.py:5: NumbaWarning: 
Compilation is falling back to object mode WITHOUT looplifting enabled because Function "stockham_fft" failed type inference due to: reshape() supports contiguous array only
  @nb.jit(nopython=False, forceobj=True, parallel=False, fastmath=True)
/hppfs/work/pr28fi/di38jil/npb-shared/npb-lrz/npbench/benchmarks/stockham_fft/stockham_fft_numba_o.py:5: NumbaWarning: 
Compilation is falling back to object mode WITHOUT looplifting enabled because Function "stockham_fft" failed type inference due to: reshape() supports contiguous array only
  @nb.jit(nopython=False, forceobj=True, parallel=False, fastmath=True)
/hppfs/work/pr28fi/di38jil/npb-shared/npb-lrz/npbench/benchmarks/stockham_fft/stockham_fft_numba_op.py:5: NumbaWarning: 
Compilation is falling back to object mode WITHOUT looplifting enabled because Function "stockham_fft" failed type inference due to: reshape() supports contiguous array only
  @nb.jit(nopython=False, forceobj=True, parallel=True, fastmath=True)
/hppfs/work/pr28fi/di38jil/npb-shared/npb-lrz/npbench/benchmarks/stockham_fft/stockham_fft_numba_op.py:5: NumbaWarning: 
Compilation is falling back to object mode WITHOUT looplifting enabled because Function "stockham_fft" failed type inference due to: reshape() supports contiguous array only
  @nb.jit(nopython=False, forceobj=True, parallel=True, fastmath=True)
WARNING: Compilation error, trying hard to find its origin...
Compilation error, trying hard to find its origin...
WARNING: Nope, I'm going to flood you with C++ errors!
Nope, I'm going to flood you with C++ errors!
CRITICAL: Cover me Jack. Jack? Jaaaaack!!!!
E: error: Command "/hppfs/work/pr28fi/di38jil/npb-shared/conda-npb/bin/x86_64-conda-linux-gnu-c++ -Wno-unused-result -Wsign-compare -DNDEBUG -fwrapv -O2 -Wall -fPIC -O2 -isystem /dss/dsshome1/07/di52vum/npb-shared/conda-npb/include -fPIC -O2 -isystem /dss/dsshome1/07/di52vum/npb-shared/conda-npb/include -march=nocona -mtune=haswell -ftree-vectorize -fPIC -fstack-protector-strong -fno-plt -O2 -ffunction-sections -pipe -isystem /hppfs/work/pr28fi/di38jil/npb-shared/conda-npb/include -DNDEBUG -D_FORTIFY_SOURCE=2 -O2 -isystem /hppfs/work/pr28fi/di38jil/npb-shared/conda-npb/include -fPIC -DENABLE_PYTHON_MODULE -D__PYTHRAN__=3 -DUSE_XSIMD -I/hppfs/work/pr28fi/di38jil/npb-shared/conda-npb/lib/python3.10/site-packages/pythran -I/dss/lrzsys/sys/spack/release/23.1.0/opt/skylake_avx512/openblas/0.3.23-intel-xwrnnjh/include -I/hppfs/work/pr28fi/di38jil/npb-shared/conda-npb/lib/python3.10/site-packages/numpy/core/include -I/dss/dsshome1/07/di52vum/npb-shared/conda-npb/include/python3.10 -c /hppfs/scratch/07/di52vum/tmp/tmpz4tngpgy.cpp -o /hppfs/scratch/07/di52vum/tmp/tmp56ju3qu7/hppfs/scratch/07/di52vum/tmp/tmpz4tngpgy.o -std=c++11 -fno-math-errno -fvisibility=hidden -fno-wrapv -Wno-unused-function -Wno-int-in-bool-context -Wno-unknown-warning-option -fvisibility-inlines-hidden -std=c++17 -fmessage-length=0 -march=nocona -mtune=haswell -ftree-vectorize -fPIC -fstack-protector-strong -fno-plt -O2 -ffunction-sections -pipe -isystem /hppfs/work/pr28fi/di38jil/npb-shared/conda-npb/include -fopenmp -march=native -ffast-math" failed with exit status 1
Cover me Jack. Jack? Jaaaaack!!!!
E: error: Command "/hppfs/work/pr28fi/di38jil/npb-shared/conda-npb/bin/x86_64-conda-linux-gnu-c++ -Wno-unused-result -Wsign-compare -DNDEBUG -fwrapv -O2 -Wall -fPIC -O2 -isystem /dss/dsshome1/07/di52vum/npb-shared/conda-npb/include -fPIC -O2 -isystem /dss/dsshome1/07/di52vum/npb-shared/conda-npb/include -march=nocona -mtune=haswell -ftree-vectorize -fPIC -fstack-protector-strong -fno-plt -O2 -ffunction-sections -pipe -isystem /hppfs/work/pr28fi/di38jil/npb-shared/conda-npb/include -DNDEBUG -D_FORTIFY_SOURCE=2 -O2 -isystem /hppfs/work/pr28fi/di38jil/npb-shared/conda-npb/include -fPIC -DENABLE_PYTHON_MODULE -D__PYTHRAN__=3 -DUSE_XSIMD -I/hppfs/work/pr28fi/di38jil/npb-shared/conda-npb/lib/python3.10/site-packages/pythran -I/dss/lrzsys/sys/spack/release/23.1.0/opt/skylake_avx512/openblas/0.3.23-intel-xwrnnjh/include -I/hppfs/work/pr28fi/di38jil/npb-shared/conda-npb/lib/python3.10/site-packages/numpy/core/include -I/dss/dsshome1/07/di52vum/npb-shared/conda-npb/include/python3.10 -c /hppfs/scratch/07/di52vum/tmp/tmpz4tngpgy.cpp -o /hppfs/scratch/07/di52vum/tmp/tmp56ju3qu7/hppfs/scratch/07/di52vum/tmp/tmpz4tngpgy.o -std=c++11 -fno-math-errno -fvisibility=hidden -fno-wrapv -Wno-unused-function -Wno-int-in-bool-context -Wno-unknown-warning-option -fvisibility-inlines-hidden -std=c++17 -fmessage-length=0 -march=nocona -mtune=haswell -ftree-vectorize -fPIC -fstack-protector-strong -fno-plt -O2 -ffunction-sections -pipe -isystem /hppfs/work/pr28fi/di38jil/npb-shared/conda-npb/include -fopenmp -march=native -ffast-math" failed with exit status 1
Traceback (most recent call last):
  File "/hppfs/work/pr28fi/di38jil/npb-shared//npb-lrz/run_benchmark.py", line 57, in <module>
    test.run(args["preset"], args["validate"], args["repeat"], args["timeout"])
  File "/hppfs/work/pr28fi/di38jil/npb-shared/npb-lrz/npbench/infrastructure/test.py", line 88, in run
    for impl, impl_name in self.frmwrk.implementations(self.bench):
  File "/hppfs/work/pr28fi/di38jil/npb-shared/npb-lrz/npbench/infrastructure/pythran_framework.py", line 45, in implementations
    raise (e)
  File "/hppfs/work/pr28fi/di38jil/npb-shared/npb-lrz/npbench/infrastructure/pythran_framework.py", line 40, in implementations
    foo = importlib.util.module_from_spec(spec)
  File "<frozen importlib._bootstrap>", line 571, in module_from_spec
  File "<frozen importlib._bootstrap_external>", line 1176, in create_module
  File "<frozen importlib._bootstrap>", line 241, in _call_with_frames_removed
ImportError: /hppfs/scratch/07/di52vum/tmp/tmpwbi_rc0y/stockham_fft_pythran.so: cannot open shared object file: No such file or directory
srun: error: i01r03c01s04: task 0: Exited with exit code 1
srun: launch/slurm: _step_signal: Terminating StepId=3853190.75
Traceback (most recent call last):
  File "/hppfs/work/pr28fi/di38jil/npb-shared/conda-npb/lib/python3.10/site-packages/dace/codegen/compiler.py", line 232, in configure_and_compile
    _run_liveoutput("cmake --build . --config %s" % (Config.get('compiler', 'build_type')),
  File "/hppfs/work/pr28fi/di38jil/npb-shared/conda-npb/lib/python3.10/site-packages/dace/codegen/compiler.py", line 416, in _run_liveoutput
    raise subprocess.CalledProcessError(process.returncode, command, output.getvalue())
subprocess.CalledProcessError: Command 'cmake --build . --config RelWithDebInfo' returned non-zero exit status 2.

During handling of the above exception, another exception occurred:

Traceback (most recent call last):
  File "/hppfs/work/pr28fi/di38jil/npb-shared/npb-lrz/npbench/infrastructure/dace_framework.py", line 274, in implementations
    dc_exec, compile_time = util.benchmark("__npb_result = sdfg.compile()",
  File "/hppfs/work/pr28fi/di38jil/npb-shared/npb-lrz/npbench/infrastructure/utilities.py", line 140, in benchmark
    output = timeit.repeat(stmt, setup=setup, repeat=repeat, number=1, globals=ldict)
  File "/hppfs/work/pr28fi/di38jil/npb-shared/conda-npb/lib/python3.10/timeit.py", line 239, in repeat
    return Timer(stmt, setup, timer, globals).repeat(repeat, number)
  File "/hppfs/work/pr28fi/di38jil/npb-shared/conda-npb/lib/python3.10/timeit.py", line 206, in repeat
    t = self.timeit(number)
  File "/hppfs/work/pr28fi/di38jil/npb-shared/conda-npb/lib/python3.10/timeit.py", line 178, in timeit
    timing = self.inner(it, self.timer)
  File "<timeit-src>", line 6, in inner
  File "/hppfs/work/pr28fi/di38jil/npb-shared/conda-npb/lib/python3.10/site-packages/dace/sdfg/sdfg.py", line 2253, in compile
    shared_library = compiler.configure_and_compile(program_folder, sdfg.name)
  File "/hppfs/work/pr28fi/di38jil/npb-shared/conda-npb/lib/python3.10/site-packages/dace/codegen/compiler.py", line 241, in configure_and_compile
    raise cgx.CompilationError('Compiler failure:\n' + ex.output)
dace.codegen.exceptions.CompilationError: Compiler failure:
[ 25%] Building CXX object CMakeFiles/fusion.dir/hppfs/work/pr28fi/di38jil/npb-shared/npb-lrz/salvo/farm_3853190/paper/.dacecache/fusion/src/cpu/fusion.cpp.o
In file included from /hppfs/work/pr28fi/di38jil/npb-shared/conda-npb/lib/python3.10/site-packages/dace/codegen/../runtime/include/dace/dace.h:14,
                 from /hppfs/work/pr28fi/di38jil/npb-shared/npb-lrz/salvo/farm_3853190/paper/.dacecache/fusion/src/cpu/fusion.cpp:2:
/hppfs/work/pr28fi/di38jil/npb-shared/conda-npb/lib/python3.10/site-packages/dace/codegen/../runtime/include/dace/types.h: In constructor 'dace::half::half(float)':
/hppfs/work/pr28fi/di38jil/npb-shared/conda-npb/lib/python3.10/site-packages/dace/codegen/../runtime/include/dace/types.h:92:28: warning: dereferencing type-punned pointer will break strict-aliasing rules [-Wstrict-aliasing]
   92 |             uint32_t x = *((uint32_t*)&f);
      |                           ~^~~~~~~~~~~~~~
/hppfs/work/pr28fi/di38jil/npb-shared/npb-lrz/salvo/farm_3853190/paper/.dacecache/fusion/src/cpu/fusion.cpp: In function 'void _TensorTranspose_sdfg_0_2_16(fusion_state_t*, dace::complex128*, dace::complex128*, long long int, long long int, long long int)':
/hppfs/work/pr28fi/di38jil/npb-shared/npb-lrz/salvo/farm_3853190/paper/.dacecache/fusion/src/cpu/fusion.cpp:19:64: error: invalid types 'dace::complex128* __restrict__ {aka std::complex<double>* __restrict__}[double]' for array subscript
   19 |                             dace::complex128 _inp = _inp_tensor[(R*dace::math::pow(R, K - i - 1)*__i0 + dace::math::pow(R, K - i - 1)*__i1 + __i2)];
      |                                                                ^
/hppfs/work/pr28fi/di38jil/npb-shared/npb-lrz/salvo/farm_3853190/paper/.dacecache/fusion/src/cpu/fusion.cpp:27:40: error: invalid types 'dace::complex128* __restrict__ {aka std::complex<double>* __restrict__}[double]' for array subscript
   27 |                             _out_tensor[(dace::math::pow(R, i)*dace::math::pow(R, K - i - 1)*__i1 + dace::math::pow(R, K - i - 1)*__i0 + __i2)] = _out;
      |                                        ^
/hppfs/work/pr28fi/di38jil/npb-shared/npb-lrz/salvo/farm_3853190/paper/.dacecache/fusion/src/cpu/fusion.cpp:15:38: error: invalid controlling predicate
   15 |             for (auto __i0 = 0; __i0 < (dace::math::pow(R, i)); __i0 += 1) {
      |                                 ~~~~~^~~~~~~~~~~~~~~~~~~~~~~~~
/hppfs/work/pr28fi/di38jil/npb-shared/npb-lrz/salvo/farm_3853190/paper/.dacecache/fusion/src/cpu/fusion.cpp: In function 'void _MatMult_gemm_sdfg_0_5_11(fusion_state_t*, dace::complex128*, dace::complex128*, dace::complex128*, long long int, long long int)':
/hppfs/work/pr28fi/di38jil/npb-shared/npb-lrz/salvo/farm_3853190/paper/.dacecache/fusion/src/cpu/fusion.cpp:54:27: error: invalid types 'dace::complex128* __restrict__ {aka std::complex<double>* __restrict__}[double]' for array subscript
   54 |                         _c[(dace::math::pow(R, K - 1)*_o0 + _o1)] = out;
      |                           ^
/hppfs/work/pr28fi/di38jil/npb-shared/npb-lrz/salvo/farm_3853190/paper/.dacecache/fusion/src/cpu/fusion.cpp:70:54: error: invalid types 'dace::complex128* __restrict__ {aka std::complex<double>* __restrict__}[double]' for array subscript
   70 |                             dace::complex128 __b = _b[(dace::math::pow(R, K - 1)*__i2 + __i1)];
      |                                                      ^
/hppfs/work/pr28fi/di38jil/npb-shared/npb-lrz/salvo/farm_3853190/paper/.dacecache/fusion/src/cpu/fusion.cpp:78:107: error: invalid operands of types 'dace::complex128* __restrict__' {aka 'std::complex<double>* __restrict__'} and 'double' to binary 'operator+'
   78 |                             dace::wcr_fixed<dace::ReductionType::Sum, dace::complex128>::reduce_atomic(_c + (dace::math::pow(R, K - 1)*__i0 + __i1), __out);
      |                                                                                                        ~~ ^ ~~~~~~~~~~~~~~~~~~~~~~~~~~~~~~~~~~~~~~~
      |                                                                                                        |                                    |
      |                                                                                                        |                                    double
      |                                                                                                        dace::complex128* __restrict__ {aka std::complex<double>* __restrict__}
/hppfs/work/pr28fi/di38jil/npb-shared/npb-lrz/salvo/farm_3853190/paper/.dacecache/fusion/src/cpu/fusion.cpp: In function 'void __program_fusion_internal(fusion_state_t*, dace::complex128*, dace::complex128*, long long int, long long int)':
/hppfs/work/pr28fi/di38jil/npb-shared/npb-lrz/salvo/farm_3853190/paper/.dacecache/fusion/src/cpu/fusion.cpp:92:54: warning: 'new' of type 'unsigned int' with extended alignment 64 [-Waligned-new=]
   92 |     i_coord = new unsigned int DACE_ALIGN(64)[(R * R)];
      |                                                      ^
/hppfs/work/pr28fi/di38jil/npb-shared/npb-lrz/salvo/farm_3853190/paper/.dacecache/fusion/src/cpu/fusion.cpp:92:54: note: uses 'void* operator new [](std::size_t)', which does not have an alignment parameter
/hppfs/work/pr28fi/di38jil/npb-shared/npb-lrz/salvo/farm_3853190/paper/.dacecache/fusion/src/cpu/fusion.cpp:92:54: note: use '-faligned-new' to enable C++17 over-aligned new support
/hppfs/work/pr28fi/di38jil/npb-shared/npb-lrz/salvo/farm_3853190/paper/.dacecache/fusion/src/cpu/fusion.cpp:94:54: warning: 'new' of type 'unsigned int' with extended alignment 64 [-Waligned-new=]
   94 |     j_coord = new unsigned int DACE_ALIGN(64)[(R * R)];
      |                                                      ^
/hppfs/work/pr28fi/di38jil/npb-shared/npb-lrz/salvo/farm_3853190/paper/.dacecache/fusion/src/cpu/fusion.cpp:94:54: note: uses 'void* operator new [](std::size_t)', which does not have an alignment parameter
/hppfs/work/pr28fi/di38jil/npb-shared/npb-lrz/salvo/farm_3853190/paper/.dacecache/fusion/src/cpu/fusion.cpp:94:54: note: use '-faligned-new' to enable C++17 over-aligned new support
/hppfs/work/pr28fi/di38jil/npb-shared/npb-lrz/salvo/farm_3853190/paper/.dacecache/fusion/src/cpu/fusion.cpp:96:58: warning: ignoring attributes applied to class type 'dace::complex128' {aka 'std::complex<double>'} outside of definition [-Wattributes]
   96 |     dft_mat = new dace::complex128 DACE_ALIGN(64)[(R * R)];
      |                                                          ^
/hppfs/work/pr28fi/di38jil/npb-shared/npb-lrz/salvo/farm_3853190/paper/.dacecache/fusion/src/cpu/fusion.cpp:98:48: error: expression in new-declarator must have integral or enumeration type
   98 |     ii_coord = new unsigned int DACE_ALIGN(64)[(R*dace::math::pow(R, K))];
      |                                                ^
/hppfs/work/pr28fi/di38jil/npb-shared/npb-lrz/salvo/farm_3853190/paper/.dacecache/fusion/src/cpu/fusion.cpp:98:73: warning: 'new' of type 'unsigned int' with extended alignment 64 [-Waligned-new=]
   98 |     ii_coord = new unsigned int DACE_ALIGN(64)[(R*dace::math::pow(R, K))];
      |                                                                         ^
/hppfs/work/pr28fi/di38jil/npb-shared/npb-lrz/salvo/farm_3853190/paper/.dacecache/fusion/src/cpu/fusion.cpp:98:73: note: uses 'void* operator new [](std::size_t)', which does not have an alignment parameter
/hppfs/work/pr28fi/di38jil/npb-shared/npb-lrz/salvo/farm_3853190/paper/.dacecache/fusion/src/cpu/fusion.cpp:98:73: note: use '-faligned-new' to enable C++17 over-aligned new support
/hppfs/work/pr28fi/di38jil/npb-shared/npb-lrz/salvo/farm_3853190/paper/.dacecache/fusion/src/cpu/fusion.cpp:100:48: error: expression in new-declarator must have integral or enumeration type
  100 |     jj_coord = new unsigned int DACE_ALIGN(64)[(R*dace::math::pow(R, K))];
      |                                                ^
/hppfs/work/pr28fi/di38jil/npb-shared/npb-lrz/salvo/farm_3853190/paper/.dacecache/fusion/src/cpu/fusion.cpp:100:73: warning: 'new' of type 'unsigned int' with extended alignment 64 [-Waligned-new=]
  100 |     jj_coord = new unsigned int DACE_ALIGN(64)[(R*dace::math::pow(R, K))];
      |                                                                         ^
/hppfs/work/pr28fi/di38jil/npb-shared/npb-lrz/salvo/farm_3853190/paper/.dacecache/fusion/src/cpu/fusion.cpp:100:73: note: uses 'void* operator new [](std::size_t)', which does not have an alignment parameter
/hppfs/work/pr28fi/di38jil/npb-shared/npb-lrz/salvo/farm_3853190/paper/.dacecache/fusion/src/cpu/fusion.cpp:100:73: note: use '-faligned-new' to enable C++17 over-aligned new support
/hppfs/work/pr28fi/di38jil/npb-shared/npb-lrz/salvo/farm_3853190/paper/.dacecache/fusion/src/cpu/fusion.cpp:102:52: error: expression in new-declarator must have integral or enumeration type
  102 |     tmp_perm = new dace::complex128 DACE_ALIGN(64)[(dace::math::pow(R, K))];
      |                                                    ^
/hppfs/work/pr28fi/di38jil/npb-shared/npb-lrz/salvo/farm_3853190/paper/.dacecache/fusion/src/cpu/fusion.cpp:102:75: warning: ignoring attributes applied to class type 'dace::complex128' {aka 'std::complex<double>'} outside of definition [-Wattributes]
  102 |     tmp_perm = new dace::complex128 DACE_ALIGN(64)[(dace::math::pow(R, K))];
      |                                                                           ^
/hppfs/work/pr28fi/di38jil/npb-shared/npb-lrz/salvo/farm_3853190/paper/.dacecache/fusion/src/cpu/fusion.cpp:104:45: error: expression in new-declarator must have integral or enumeration type
  104 |     D = new dace::complex128 DACE_ALIGN(64)[(dace::math::pow(R, K))];
      |                                             ^
/hppfs/work/pr28fi/di38jil/npb-shared/npb-lrz/salvo/farm_3853190/paper/.dacecache/fusion/src/cpu/fusion.cpp:104:68: warning: ignoring attributes applied to class type 'dace::complex128' {aka 'std::complex<double>'} outside of definition [-Wattributes]
  104 |     D = new dace::complex128 DACE_ALIGN(64)[(dace::math::pow(R, K))];
      |                                                                    ^
/hppfs/work/pr28fi/di38jil/npb-shared/npb-lrz/salvo/farm_3853190/paper/.dacecache/fusion/src/cpu/fusion.cpp:106:47: error: expression in new-declarator must have integral or enumeration type
  106 |     tmp = new dace::complex128 DACE_ALIGN(64)[(dace::math::pow(R, K))];
      |                                               ^
/hppfs/work/pr28fi/di38jil/npb-shared/npb-lrz/salvo/farm_3853190/paper/.dacecache/fusion/src/cpu/fusion.cpp:106:70: warning: ignoring attributes applied to class type 'dace::complex128' {aka 'std::complex<double>'} outside of definition [-Wattributes]
  106 |     tmp = new dace::complex128 DACE_ALIGN(64)[(dace::math::pow(R, K))];
      |                                                                      ^
/hppfs/work/pr28fi/di38jil/npb-shared/npb-lrz/salvo/farm_3853190/paper/.dacecache/fusion/src/cpu/fusion.cpp:181:38: error: unable to find numeric literal operator 'operator""j'
  181 |                         __out = ((-0-6.283185307179586j) * dace::complex128(__in2));
      |                                      ^~~~~~~~~~~~~~~~~~
/hppfs/work/pr28fi/di38jil/npb-shared/npb-lrz/salvo/farm_3853190/paper/.dacecache/fusion/src/cpu/fusion.cpp:181:38: note: use '-fext-numeric-literals' to enable more built-in suffixes
/hppfs/work/pr28fi/di38jil/npb-shared/npb-lrz/salvo/farm_3853190/paper/.dacecache/fusion/src/cpu/fusion.cpp:247:37: error: invalid types 'unsigned int*[double]' for array subscript
  247 |                             ii_coord[(dace::math::pow(R, K)*__i0 + __i1)] = __out;
      |                                     ^
/hppfs/work/pr28fi/di38jil/npb-shared/npb-lrz/salvo/farm_3853190/paper/.dacecache/fusion/src/cpu/fusion.cpp:274:37: error: invalid types 'unsigned int*[double]' for array subscript
  274 |                             jj_coord[(dace::math::pow(R, K)*__i0 + __i1)] = __out;
      |                                     ^
/hppfs/work/pr28fi/di38jil/npb-shared/npb-lrz/salvo/farm_3853190/paper/.dacecache/fusion/src/cpu/fusion.cpp:291:59: error: expression in new-declarator must have integral or enumeration type
  291 |             __tmp12 = new dace::complex128 DACE_ALIGN(64)[(R*dace::math::pow(R, i)*dace::math::pow(R, K - i - 1))];
      |                                                           ^
/hppfs/work/pr28fi/di38jil/npb-shared/npb-lrz/salvo/farm_3853190/paper/.dacecache/fusion/src/cpu/fusion.cpp:291:114: warning: ignoring attributes applied to class type 'dace::complex128' {aka 'std::complex<double>'} outside of definition [-Wattributes]
  291 |             __tmp12 = new dace::complex128 DACE_ALIGN(64)[(R*dace::math::pow(R, i)*dace::math::pow(R, K - i - 1))];
      |                                                                                                                  ^
/hppfs/work/pr28fi/di38jil/npb-shared/npb-lrz/salvo/farm_3853190/paper/.dacecache/fusion/src/cpu/fusion.cpp:309:58: error: invalid types 'unsigned int*[double]' for array subscript
  309 |                             unsigned int __in2 = ii_coord[(dace::math::pow(R, K)*__i0 + __i1)];
      |                                                          ^
/hppfs/work/pr28fi/di38jil/npb-shared/npb-lrz/salvo/farm_3853190/paper/.dacecache/fusion/src/cpu/fusion.cpp:314:42: error: unable to find numeric literal operator 'operator""j'
  314 |                             __out = ((-0-6.283185307179586j) * dace::complex128(__in2));
      |                                          ^~~~~~~~~~~~~~~~~~
/hppfs/work/pr28fi/di38jil/npb-shared/npb-lrz/salvo/farm_3853190/paper/.dacecache/fusion/src/cpu/fusion.cpp:314:42: note: use '-fext-numeric-literals' to enable more built-in suffixes
/hppfs/work/pr28fi/di38jil/npb-shared/npb-lrz/salvo/farm_3853190/paper/.dacecache/fusion/src/cpu/fusion.cpp:322:58: error: invalid types 'unsigned int*[double]' for array subscript
  322 |                             unsigned int __in2 = jj_coord[(dace::math::pow(R, K)*__i0 + __i1)];
      |                                                          ^
/hppfs/work/pr28fi/di38jil/npb-shared/npb-lrz/salvo/farm_3853190/paper/.dacecache/fusion/src/cpu/fusion.cpp:353:38: error: invalid types 'dace::complex128* {aka std::complex<double>*}[double]' for array subscript
  353 |                             __tmp11_0[(dace::math::pow(R, i)*__i0 + __i1)] = __out;
      |                                      ^
/hppfs/work/pr28fi/di38jil/npb-shared/npb-lrz/salvo/farm_3853190/paper/.dacecache/fusion/src/cpu/fusion.cpp:379:60: error: expression in new-declarator must have integral or enumeration type
  379 |             tmp_twid = new dace::complex128 DACE_ALIGN(64)[(dace::math::pow(R, K))];
      |                                                            ^
/hppfs/work/pr28fi/di38jil/npb-shared/npb-lrz/salvo/farm_3853190/paper/.dacecache/fusion/src/cpu/fusion.cpp:379:83: warning: ignoring attributes applied to class type 'dace::complex128' {aka 'std::complex<double>'} outside of definition [-Wattributes]
  379 |             tmp_twid = new dace::complex128 DACE_ALIGN(64)[(dace::math::pow(R, K))];
      |                                                                                   ^
/hppfs/work/pr28fi/di38jil/npb-shared/npb-lrz/salvo/farm_3853190/paper/.dacecache/fusion/src/cpu/fusion.cpp:383:59: error: expression in new-declarator must have integral or enumeration type
  383 |             __tmp18 = new dace::complex128 DACE_ALIGN(64)[(R*dace::math::pow(R, K - 1))];
      |                                                           ^
/hppfs/work/pr28fi/di38jil/npb-shared/npb-lrz/salvo/farm_3853190/paper/.dacecache/fusion/src/cpu/fusion.cpp:383:88: warning: ignoring attributes applied to class type 'dace::complex128' {aka 'std::complex<double>'} outside of definition [-Wattributes]
  383 |             __tmp18 = new dace::complex128 DACE_ALIGN(64)[(R*dace::math::pow(R, K - 1))];
      |                                                                                        ^
/hppfs/work/pr28fi/di38jil/npb-shared/npb-lrz/salvo/farm_3853190/paper/.dacecache/fusion/src/cpu/fusion.cpp:389:42: error: invalid controlling predicate
  389 |                 for (auto __i0 = 0; __i0 < (dace::math::pow(R, K)); __i0 += 1) {
      |                                     ~~~~~^~~~~~~~~~~~~~~~~~~~~~~~~
gmake[2]: *** [CMakeFiles/fusion.dir/build.make:76: CMakeFiles/fusion.dir/hppfs/work/pr28fi/di38jil/npb-shared/npb-lrz/salvo/farm_3853190/paper/.dacecache/fusion/src/cpu/fusion.cpp.o] Error 1
gmake[1]: *** [CMakeFiles/Makefile2:85: CMakeFiles/fusion.dir/all] Error 2
gmake: *** [Makefile:91: all] Error 2

Traceback (most recent call last):
  File "/hppfs/work/pr28fi/di38jil/npb-shared/conda-npb/lib/python3.10/site-packages/dace/codegen/compiler.py", line 232, in configure_and_compile
    _run_liveoutput("cmake --build . --config %s" % (Config.get('compiler', 'build_type')),
  File "/hppfs/work/pr28fi/di38jil/npb-shared/conda-npb/lib/python3.10/site-packages/dace/codegen/compiler.py", line 416, in _run_liveoutput
    raise subprocess.CalledProcessError(process.returncode, command, output.getvalue())
subprocess.CalledProcessError: Command 'cmake --build . --config RelWithDebInfo' returned non-zero exit status 2.

During handling of the above exception, another exception occurred:

Traceback (most recent call last):
  File "/hppfs/work/pr28fi/di38jil/npb-shared/npb-lrz/npbench/infrastructure/dace_framework.py", line 274, in implementations
    dc_exec, compile_time = util.benchmark("__npb_result = sdfg.compile()",
  File "/hppfs/work/pr28fi/di38jil/npb-shared/npb-lrz/npbench/infrastructure/utilities.py", line 140, in benchmark
    output = timeit.repeat(stmt, setup=setup, repeat=repeat, number=1, globals=ldict)
  File "/hppfs/work/pr28fi/di38jil/npb-shared/conda-npb/lib/python3.10/timeit.py", line 239, in repeat
    return Timer(stmt, setup, timer, globals).repeat(repeat, number)
  File "/hppfs/work/pr28fi/di38jil/npb-shared/conda-npb/lib/python3.10/timeit.py", line 206, in repeat
    t = self.timeit(number)
  File "/hppfs/work/pr28fi/di38jil/npb-shared/conda-npb/lib/python3.10/timeit.py", line 178, in timeit
    timing = self.inner(it, self.timer)
  File "<timeit-src>", line 6, in inner
  File "/hppfs/work/pr28fi/di38jil/npb-shared/conda-npb/lib/python3.10/site-packages/dace/sdfg/sdfg.py", line 2253, in compile
    shared_library = compiler.configure_and_compile(program_folder, sdfg.name)
  File "/hppfs/work/pr28fi/di38jil/npb-shared/conda-npb/lib/python3.10/site-packages/dace/codegen/compiler.py", line 241, in configure_and_compile
    raise cgx.CompilationError('Compiler failure:\n' + ex.output)
dace.codegen.exceptions.CompilationError: Compiler failure:
[ 25%] Building CXX object CMakeFiles/parallel.dir/hppfs/work/pr28fi/di38jil/npb-shared/npb-lrz/salvo/farm_3853190/paper/.dacecache/parallel/src/cpu/parallel.cpp.o
In file included from /hppfs/work/pr28fi/di38jil/npb-shared/conda-npb/lib/python3.10/site-packages/dace/codegen/../runtime/include/dace/dace.h:14,
                 from /hppfs/work/pr28fi/di38jil/npb-shared/npb-lrz/salvo/farm_3853190/paper/.dacecache/parallel/src/cpu/parallel.cpp:2:
/hppfs/work/pr28fi/di38jil/npb-shared/conda-npb/lib/python3.10/site-packages/dace/codegen/../runtime/include/dace/types.h: In constructor 'dace::half::half(float)':
/hppfs/work/pr28fi/di38jil/npb-shared/conda-npb/lib/python3.10/site-packages/dace/codegen/../runtime/include/dace/types.h:92:28: warning: dereferencing type-punned pointer will break strict-aliasing rules [-Wstrict-aliasing]
   92 |             uint32_t x = *((uint32_t*)&f);
      |                           ~^~~~~~~~~~~~~~
/hppfs/work/pr28fi/di38jil/npb-shared/npb-lrz/salvo/farm_3853190/paper/.dacecache/parallel/src/cpu/parallel.cpp: In function 'void _TensorTranspose_sdfg_0_0_16(parallel_state_t*, dace::complex128*, dace::complex128*, long long int, long long int, long long int)':
/hppfs/work/pr28fi/di38jil/npb-shared/npb-lrz/salvo/farm_3853190/paper/.dacecache/parallel/src/cpu/parallel.cpp:19:64: error: invalid types 'dace::complex128* __restrict__ {aka std::complex<double>* __restrict__}[double]' for array subscript
   19 |                             dace::complex128 _inp = _inp_tensor[(R*dace::math::pow(R, K - i - 1)*__i0 + dace::math::pow(R, K - i - 1)*__i1 + __i2)];
      |                                                                ^
/hppfs/work/pr28fi/di38jil/npb-shared/npb-lrz/salvo/farm_3853190/paper/.dacecache/parallel/src/cpu/parallel.cpp:27:40: error: invalid types 'dace::complex128* __restrict__ {aka std::complex<double>* __restrict__}[double]' for array subscript
   27 |                             _out_tensor[(dace::math::pow(R, i)*dace::math::pow(R, K - i - 1)*__i1 + dace::math::pow(R, K - i - 1)*__i0 + __i2)] = _out;
      |                                        ^
/hppfs/work/pr28fi/di38jil/npb-shared/npb-lrz/salvo/farm_3853190/paper/.dacecache/parallel/src/cpu/parallel.cpp:15:38: error: invalid controlling predicate
   15 |             for (auto __i0 = 0; __i0 < (dace::math::pow(R, i)); __i0 += 1) {
      |                                 ~~~~~^~~~~~~~~~~~~~~~~~~~~~~~~
/hppfs/work/pr28fi/di38jil/npb-shared/npb-lrz/salvo/farm_3853190/paper/.dacecache/parallel/src/cpu/parallel.cpp: In function 'void _MatMult_gemm_sdfg_0_3_11(parallel_state_t*, dace::complex128*, dace::complex128*, dace::complex128*, long long int, long long int)':
/hppfs/work/pr28fi/di38jil/npb-shared/npb-lrz/salvo/farm_3853190/paper/.dacecache/parallel/src/cpu/parallel.cpp:54:27: error: invalid types 'dace::complex128* __restrict__ {aka std::complex<double>* __restrict__}[double]' for array subscript
   54 |                         _c[(dace::math::pow(R, K - 1)*_o0 + _o1)] = out;
      |                           ^
/hppfs/work/pr28fi/di38jil/npb-shared/npb-lrz/salvo/farm_3853190/paper/.dacecache/parallel/src/cpu/parallel.cpp:70:54: error: invalid types 'dace::complex128* __restrict__ {aka std::complex<double>* __restrict__}[double]' for array subscript
   70 |                             dace::complex128 __b = _b[(dace::math::pow(R, K - 1)*__i2 + __i1)];
      |                                                      ^
/hppfs/work/pr28fi/di38jil/npb-shared/npb-lrz/salvo/farm_3853190/paper/.dacecache/parallel/src/cpu/parallel.cpp:78:107: error: invalid operands of types 'dace::complex128* __restrict__' {aka 'std::complex<double>* __restrict__'} and 'double' to binary 'operator+'
   78 |                             dace::wcr_fixed<dace::ReductionType::Sum, dace::complex128>::reduce_atomic(_c + (dace::math::pow(R, K - 1)*__i0 + __i1), __out);
      |                                                                                                        ~~ ^ ~~~~~~~~~~~~~~~~~~~~~~~~~~~~~~~~~~~~~~~
      |                                                                                                        |                                    |
      |                                                                                                        |                                    double
      |                                                                                                        dace::complex128* __restrict__ {aka std::complex<double>* __restrict__}
/hppfs/work/pr28fi/di38jil/npb-shared/npb-lrz/salvo/farm_3853190/paper/.dacecache/parallel/src/cpu/parallel.cpp: In function 'void __program_parallel_internal(parallel_state_t*, dace::complex128*, dace::complex128*, long long int, long long int)':
/hppfs/work/pr28fi/di38jil/npb-shared/npb-lrz/salvo/farm_3853190/paper/.dacecache/parallel/src/cpu/parallel.cpp:92:58: warning: ignoring attributes applied to class type 'dace::complex128' {aka 'std::complex<double>'} outside of definition [-Wattributes]
   92 |     dft_mat = new dace::complex128 DACE_ALIGN(64)[(R * R)];
      |                                                          ^
/hppfs/work/pr28fi/di38jil/npb-shared/npb-lrz/salvo/farm_3853190/paper/.dacecache/parallel/src/cpu/parallel.cpp:94:48: error: expression in new-declarator must have integral or enumeration type
   94 |     ii_coord = new unsigned int DACE_ALIGN(64)[(R*dace::math::pow(R, K))];
      |                                                ^
/hppfs/work/pr28fi/di38jil/npb-shared/npb-lrz/salvo/farm_3853190/paper/.dacecache/parallel/src/cpu/parallel.cpp:94:73: warning: 'new' of type 'unsigned int' with extended alignment 64 [-Waligned-new=]
   94 |     ii_coord = new unsigned int DACE_ALIGN(64)[(R*dace::math::pow(R, K))];
      |                                                                         ^
/hppfs/work/pr28fi/di38jil/npb-shared/npb-lrz/salvo/farm_3853190/paper/.dacecache/parallel/src/cpu/parallel.cpp:94:73: note: uses 'void* operator new [](std::size_t)', which does not have an alignment parameter
/hppfs/work/pr28fi/di38jil/npb-shared/npb-lrz/salvo/farm_3853190/paper/.dacecache/parallel/src/cpu/parallel.cpp:94:73: note: use '-faligned-new' to enable C++17 over-aligned new support
/hppfs/work/pr28fi/di38jil/npb-shared/npb-lrz/salvo/farm_3853190/paper/.dacecache/parallel/src/cpu/parallel.cpp:96:48: error: expression in new-declarator must have integral or enumeration type
   96 |     jj_coord = new unsigned int DACE_ALIGN(64)[(R*dace::math::pow(R, K))];
      |                                                ^
/hppfs/work/pr28fi/di38jil/npb-shared/npb-lrz/salvo/farm_3853190/paper/.dacecache/parallel/src/cpu/parallel.cpp:96:73: warning: 'new' of type 'unsigned int' with extended alignment 64 [-Waligned-new=]
   96 |     jj_coord = new unsigned int DACE_ALIGN(64)[(R*dace::math::pow(R, K))];
      |                                                                         ^
/hppfs/work/pr28fi/di38jil/npb-shared/npb-lrz/salvo/farm_3853190/paper/.dacecache/parallel/src/cpu/parallel.cpp:96:73: note: uses 'void* operator new [](std::size_t)', which does not have an alignment parameter
/hppfs/work/pr28fi/di38jil/npb-shared/npb-lrz/salvo/farm_3853190/paper/.dacecache/parallel/src/cpu/parallel.cpp:96:73: note: use '-faligned-new' to enable C++17 over-aligned new support
/hppfs/work/pr28fi/di38jil/npb-shared/npb-lrz/salvo/farm_3853190/paper/.dacecache/parallel/src/cpu/parallel.cpp:98:52: error: expression in new-declarator must have integral or enumeration type
   98 |     tmp_perm = new dace::complex128 DACE_ALIGN(64)[(dace::math::pow(R, K))];
      |                                                    ^
/hppfs/work/pr28fi/di38jil/npb-shared/npb-lrz/salvo/farm_3853190/paper/.dacecache/parallel/src/cpu/parallel.cpp:98:75: warning: ignoring attributes applied to class type 'dace::complex128' {aka 'std::complex<double>'} outside of definition [-Wattributes]
   98 |     tmp_perm = new dace::complex128 DACE_ALIGN(64)[(dace::math::pow(R, K))];
      |                                                                           ^
/hppfs/work/pr28fi/di38jil/npb-shared/npb-lrz/salvo/farm_3853190/paper/.dacecache/parallel/src/cpu/parallel.cpp:100:45: error: expression in new-declarator must have integral or enumeration type
  100 |     D = new dace::complex128 DACE_ALIGN(64)[(dace::math::pow(R, K))];
      |                                             ^
/hppfs/work/pr28fi/di38jil/npb-shared/npb-lrz/salvo/farm_3853190/paper/.dacecache/parallel/src/cpu/parallel.cpp:100:68: warning: ignoring attributes applied to class type 'dace::complex128' {aka 'std::complex<double>'} outside of definition [-Wattributes]
  100 |     D = new dace::complex128 DACE_ALIGN(64)[(dace::math::pow(R, K))];
      |                                                                    ^
/hppfs/work/pr28fi/di38jil/npb-shared/npb-lrz/salvo/farm_3853190/paper/.dacecache/parallel/src/cpu/parallel.cpp:102:47: error: expression in new-declarator must have integral or enumeration type
  102 |     tmp = new dace::complex128 DACE_ALIGN(64)[(dace::math::pow(R, K))];
      |                                               ^
/hppfs/work/pr28fi/di38jil/npb-shared/npb-lrz/salvo/farm_3853190/paper/.dacecache/parallel/src/cpu/parallel.cpp:102:70: warning: ignoring attributes applied to class type 'dace::complex128' {aka 'std::complex<double>'} outside of definition [-Wattributes]
  102 |     tmp = new dace::complex128 DACE_ALIGN(64)[(dace::math::pow(R, K))];
      |                                                                      ^
/hppfs/work/pr28fi/di38jil/npb-shared/npb-lrz/salvo/farm_3853190/paper/.dacecache/parallel/src/cpu/parallel.cpp:108:58: warning: 'new' of type 'unsigned int' with extended alignment 64 [-Waligned-new=]
  108 |         i_coord = new unsigned int DACE_ALIGN(64)[(R * R)];
      |                                                          ^
/hppfs/work/pr28fi/di38jil/npb-shared/npb-lrz/salvo/farm_3853190/paper/.dacecache/parallel/src/cpu/parallel.cpp:108:58: note: uses 'void* operator new [](std::size_t)', which does not have an alignment parameter
/hppfs/work/pr28fi/di38jil/npb-shared/npb-lrz/salvo/farm_3853190/paper/.dacecache/parallel/src/cpu/parallel.cpp:108:58: note: use '-faligned-new' to enable C++17 over-aligned new support
/hppfs/work/pr28fi/di38jil/npb-shared/npb-lrz/salvo/farm_3853190/paper/.dacecache/parallel/src/cpu/parallel.cpp:110:58: warning: 'new' of type 'unsigned int' with extended alignment 64 [-Waligned-new=]
  110 |         j_coord = new unsigned int DACE_ALIGN(64)[(R * R)];
      |                                                          ^
/hppfs/work/pr28fi/di38jil/npb-shared/npb-lrz/salvo/farm_3853190/paper/.dacecache/parallel/src/cpu/parallel.cpp:110:58: note: uses 'void* operator new [](std::size_t)', which does not have an alignment parameter
/hppfs/work/pr28fi/di38jil/npb-shared/npb-lrz/salvo/farm_3853190/paper/.dacecache/parallel/src/cpu/parallel.cpp:110:58: note: use '-faligned-new' to enable C++17 over-aligned new support
/hppfs/work/pr28fi/di38jil/npb-shared/npb-lrz/salvo/farm_3853190/paper/.dacecache/parallel/src/cpu/parallel.cpp:165:38: error: unable to find numeric literal operator 'operator""j'
  165 |                         __out = ((-0-6.283185307179586j) * dace::complex128(__in2));
      |                                      ^~~~~~~~~~~~~~~~~~
/hppfs/work/pr28fi/di38jil/npb-shared/npb-lrz/salvo/farm_3853190/paper/.dacecache/parallel/src/cpu/parallel.cpp:165:38: note: use '-fext-numeric-literals' to enable more built-in suffixes
/hppfs/work/pr28fi/di38jil/npb-shared/npb-lrz/salvo/farm_3853190/paper/.dacecache/parallel/src/cpu/parallel.cpp:226:41: error: invalid types 'unsigned int*[double]' for array subscript
  226 |                                 ii_coord[(dace::math::pow(R, K)*__i0 + __i1)] = __out;
      |                                         ^
/hppfs/work/pr28fi/di38jil/npb-shared/npb-lrz/salvo/farm_3853190/paper/.dacecache/parallel/src/cpu/parallel.cpp:247:41: error: invalid types 'unsigned int*[double]' for array subscript
  247 |                                 jj_coord[(dace::math::pow(R, K)*__i0 + __i1)] = __out;
      |                                         ^
/hppfs/work/pr28fi/di38jil/npb-shared/npb-lrz/salvo/farm_3853190/paper/.dacecache/parallel/src/cpu/parallel.cpp:235:32: error: invalid controlling predicate
  235 |             for (auto j = 0; j < (dace::math::pow(R, K)); j += 1) {
      |                              ~~^~~~~~~~~~~~~~~~~~~~~~~~~
/hppfs/work/pr28fi/di38jil/npb-shared/npb-lrz/salvo/farm_3853190/paper/.dacecache/parallel/src/cpu/parallel.cpp:265:59: error: expression in new-declarator must have integral or enumeration type
  265 |             __tmp12 = new dace::complex128 DACE_ALIGN(64)[(R*dace::math::pow(R, i)*dace::math::pow(R, K - i - 1))];
      |                                                           ^
/hppfs/work/pr28fi/di38jil/npb-shared/npb-lrz/salvo/farm_3853190/paper/.dacecache/parallel/src/cpu/parallel.cpp:265:114: warning: ignoring attributes applied to class type 'dace::complex128' {aka 'std::complex<double>'} outside of definition [-Wattributes]
  265 |             __tmp12 = new dace::complex128 DACE_ALIGN(64)[(R*dace::math::pow(R, i)*dace::math::pow(R, K - i - 1))];
      |                                                                                                                  ^
/hppfs/work/pr28fi/di38jil/npb-shared/npb-lrz/salvo/farm_3853190/paper/.dacecache/parallel/src/cpu/parallel.cpp:283:58: error: invalid types 'unsigned int*[double]' for array subscript
  283 |                             unsigned int __in2 = ii_coord[(dace::math::pow(R, K)*__i0 + __i1)];
      |                                                          ^
/hppfs/work/pr28fi/di38jil/npb-shared/npb-lrz/salvo/farm_3853190/paper/.dacecache/parallel/src/cpu/parallel.cpp:288:42: error: unable to find numeric literal operator 'operator""j'
  288 |                             __out = ((-0-6.283185307179586j) * dace::complex128(__in2));
      |                                          ^~~~~~~~~~~~~~~~~~
/hppfs/work/pr28fi/di38jil/npb-shared/npb-lrz/salvo/farm_3853190/paper/.dacecache/parallel/src/cpu/parallel.cpp:288:42: note: use '-fext-numeric-literals' to enable more built-in suffixes
/hppfs/work/pr28fi/di38jil/npb-shared/npb-lrz/salvo/farm_3853190/paper/.dacecache/parallel/src/cpu/parallel.cpp:296:58: error: invalid types 'unsigned int*[double]' for array subscript
  296 |                             unsigned int __in2 = jj_coord[(dace::math::pow(R, K)*__i0 + __i1)];
      |                                                          ^
/hppfs/work/pr28fi/di38jil/npb-shared/npb-lrz/salvo/farm_3853190/paper/.dacecache/parallel/src/cpu/parallel.cpp:327:38: error: invalid types 'dace::complex128* {aka std::complex<double>*}[double]' for array subscript
  327 |                             __tmp11_0[(dace::math::pow(R, i)*__i0 + __i1)] = __out;
      |                                      ^
/hppfs/work/pr28fi/di38jil/npb-shared/npb-lrz/salvo/farm_3853190/paper/.dacecache/parallel/src/cpu/parallel.cpp:353:60: error: expression in new-declarator must have integral or enumeration type
  353 |             tmp_twid = new dace::complex128 DACE_ALIGN(64)[(dace::math::pow(R, K))];
      |                                                            ^
/hppfs/work/pr28fi/di38jil/npb-shared/npb-lrz/salvo/farm_3853190/paper/.dacecache/parallel/src/cpu/parallel.cpp:353:83: warning: ignoring attributes applied to class type 'dace::complex128' {aka 'std::complex<double>'} outside of definition [-Wattributes]
  353 |             tmp_twid = new dace::complex128 DACE_ALIGN(64)[(dace::math::pow(R, K))];
      |                                                                                   ^
/hppfs/work/pr28fi/di38jil/npb-shared/npb-lrz/salvo/farm_3853190/paper/.dacecache/parallel/src/cpu/parallel.cpp:357:59: error: expression in new-declarator must have integral or enumeration type
  357 |             __tmp18 = new dace::complex128 DACE_ALIGN(64)[(R*dace::math::pow(R, K - 1))];
      |                                                           ^
/hppfs/work/pr28fi/di38jil/npb-shared/npb-lrz/salvo/farm_3853190/paper/.dacecache/parallel/src/cpu/parallel.cpp:357:88: warning: ignoring attributes applied to class type 'dace::complex128' {aka 'std::complex<double>'} outside of definition [-Wattributes]
  357 |             __tmp18 = new dace::complex128 DACE_ALIGN(64)[(R*dace::math::pow(R, K - 1))];
      |                                                                                        ^
/hppfs/work/pr28fi/di38jil/npb-shared/npb-lrz/salvo/farm_3853190/paper/.dacecache/parallel/src/cpu/parallel.cpp:363:42: error: invalid controlling predicate
  363 |                 for (auto __i0 = 0; __i0 < (dace::math::pow(R, K)); __i0 += 1) {
      |                                     ~~~~~^~~~~~~~~~~~~~~~~~~~~~~~~
gmake[2]: *** [CMakeFiles/parallel.dir/build.make:76: CMakeFiles/parallel.dir/hppfs/work/pr28fi/di38jil/npb-shared/npb-lrz/salvo/farm_3853190/paper/.dacecache/parallel/src/cpu/parallel.cpp.o] Error 1
gmake[1]: *** [CMakeFiles/Makefile2:85: CMakeFiles/parallel.dir/all] Error 2
gmake: *** [Makefile:91: all] Error 2

Traceback (most recent call last):
  File "/hppfs/work/pr28fi/di38jil/npb-shared/conda-npb/lib/python3.10/site-packages/dace/codegen/compiler.py", line 232, in configure_and_compile
    _run_liveoutput("cmake --build . --config %s" % (Config.get('compiler', 'build_type')),
  File "/hppfs/work/pr28fi/di38jil/npb-shared/conda-npb/lib/python3.10/site-packages/dace/codegen/compiler.py", line 416, in _run_liveoutput
    raise subprocess.CalledProcessError(process.returncode, command, output.getvalue())
subprocess.CalledProcessError: Command 'cmake --build . --config RelWithDebInfo' returned non-zero exit status 2.

During handling of the above exception, another exception occurred:

Traceback (most recent call last):
  File "/hppfs/work/pr28fi/di38jil/npb-shared/npb-lrz/npbench/infrastructure/dace_framework.py", line 274, in implementations
    dc_exec, compile_time = util.benchmark("__npb_result = sdfg.compile()",
  File "/hppfs/work/pr28fi/di38jil/npb-shared/npb-lrz/npbench/infrastructure/utilities.py", line 140, in benchmark
    output = timeit.repeat(stmt, setup=setup, repeat=repeat, number=1, globals=ldict)
  File "/hppfs/work/pr28fi/di38jil/npb-shared/conda-npb/lib/python3.10/timeit.py", line 239, in repeat
    return Timer(stmt, setup, timer, globals).repeat(repeat, number)
  File "/hppfs/work/pr28fi/di38jil/npb-shared/conda-npb/lib/python3.10/timeit.py", line 206, in repeat
    t = self.timeit(number)
  File "/hppfs/work/pr28fi/di38jil/npb-shared/conda-npb/lib/python3.10/timeit.py", line 178, in timeit
    timing = self.inner(it, self.timer)
  File "<timeit-src>", line 6, in inner
  File "/hppfs/work/pr28fi/di38jil/npb-shared/conda-npb/lib/python3.10/site-packages/dace/sdfg/sdfg.py", line 2253, in compile
    shared_library = compiler.configure_and_compile(program_folder, sdfg.name)
  File "/hppfs/work/pr28fi/di38jil/npb-shared/conda-npb/lib/python3.10/site-packages/dace/codegen/compiler.py", line 241, in configure_and_compile
    raise cgx.CompilationError('Compiler failure:\n' + ex.output)
dace.codegen.exceptions.CompilationError: Compiler failure:
[ 25%] Building CXX object CMakeFiles/auto_opt.dir/hppfs/work/pr28fi/di38jil/npb-shared/npb-lrz/salvo/farm_3853190/paper/.dacecache/auto_opt/src/cpu/auto_opt.cpp.o
In file included from /hppfs/work/pr28fi/di38jil/npb-shared/conda-npb/lib/python3.10/site-packages/dace/codegen/../runtime/include/dace/dace.h:14,
                 from /hppfs/work/pr28fi/di38jil/npb-shared/npb-lrz/salvo/farm_3853190/paper/.dacecache/auto_opt/src/cpu/auto_opt.cpp:2:
/hppfs/work/pr28fi/di38jil/npb-shared/conda-npb/lib/python3.10/site-packages/dace/codegen/../runtime/include/dace/types.h: In constructor 'dace::half::half(float)':
/hppfs/work/pr28fi/di38jil/npb-shared/conda-npb/lib/python3.10/site-packages/dace/codegen/../runtime/include/dace/types.h:92:28: warning: dereferencing type-punned pointer will break strict-aliasing rules [-Wstrict-aliasing]
   92 |             uint32_t x = *((uint32_t*)&f);
      |                           ~^~~~~~~~~~~~~~
/hppfs/work/pr28fi/di38jil/npb-shared/npb-lrz/salvo/farm_3853190/paper/.dacecache/auto_opt/src/cpu/auto_opt.cpp: In function 'void _TensorTranspose_sdfg_0_0_16(auto_opt_state_t*, dace::complex128*, dace::complex128*, long long int, long long int, long long int)':
/hppfs/work/pr28fi/di38jil/npb-shared/npb-lrz/salvo/farm_3853190/paper/.dacecache/auto_opt/src/cpu/auto_opt.cpp:27:64: error: invalid types 'dace::complex128* __restrict__ {aka std::complex<double>* __restrict__}[double]' for array subscript
   27 |                             dace::complex128 _inp = _inp_tensor[(R*dace::math::pow(R, K - i - 1)*__i0 + dace::math::pow(R, K - i - 1)*__i1 + __i2)];
      |                                                                ^
/hppfs/work/pr28fi/di38jil/npb-shared/npb-lrz/salvo/farm_3853190/paper/.dacecache/auto_opt/src/cpu/auto_opt.cpp:35:40: error: invalid types 'dace::complex128* __restrict__ {aka std::complex<double>* __restrict__}[double]' for array subscript
   35 |                             _out_tensor[(dace::math::pow(R, i)*dace::math::pow(R, K - i - 1)*__i1 + dace::math::pow(R, K - i - 1)*__i0 + __i2)] = _out;
      |                                        ^
/hppfs/work/pr28fi/di38jil/npb-shared/npb-lrz/salvo/farm_3853190/paper/.dacecache/auto_opt/src/cpu/auto_opt.cpp:23:38: error: invalid controlling predicate
   23 |             for (auto __i0 = 0; __i0 < (dace::math::pow(R, i)); __i0 += 1) {
      |                                 ~~~~~^~~~~~~~~~~~~~~~~~~~~~~~~
/hppfs/work/pr28fi/di38jil/npb-shared/npb-lrz/salvo/farm_3853190/paper/.dacecache/auto_opt/src/cpu/auto_opt.cpp: In function 'void _MatMult_gemm_sdfg_0_3_11(auto_opt_state_t*, dace::complex128*, dace::complex128*, dace::complex128*, long long int, long long int)':
/hppfs/work/pr28fi/di38jil/npb-shared/npb-lrz/salvo/farm_3853190/paper/.dacecache/auto_opt/src/cpu/auto_opt.cpp:62:27: error: invalid types 'dace::complex128* __restrict__ {aka std::complex<double>* __restrict__}[double]' for array subscript
   62 |                         _c[(dace::math::pow(R, K - 1)*_o0 + _o1)] = out;
      |                           ^
/hppfs/work/pr28fi/di38jil/npb-shared/npb-lrz/salvo/farm_3853190/paper/.dacecache/auto_opt/src/cpu/auto_opt.cpp:78:54: error: invalid types 'dace::complex128* __restrict__ {aka std::complex<double>* __restrict__}[double]' for array subscript
   78 |                             dace::complex128 __b = _b[(dace::math::pow(R, K - 1)*__i2 + __i1)];
      |                                                      ^
/hppfs/work/pr28fi/di38jil/npb-shared/npb-lrz/salvo/farm_3853190/paper/.dacecache/auto_opt/src/cpu/auto_opt.cpp:86:107: error: invalid operands of types 'dace::complex128* __restrict__' {aka 'std::complex<double>* __restrict__'} and 'double' to binary 'operator+'
   86 |                             dace::wcr_fixed<dace::ReductionType::Sum, dace::complex128>::reduce_atomic(_c + (dace::math::pow(R, K - 1)*__i0 + __i1), __out);
      |                                                                                                        ~~ ^ ~~~~~~~~~~~~~~~~~~~~~~~~~~~~~~~~~~~~~~~
      |                                                                                                        |                                    |
      |                                                                                                        |                                    double
      |                                                                                                        dace::complex128* __restrict__ {aka std::complex<double>* __restrict__}
/hppfs/work/pr28fi/di38jil/npb-shared/npb-lrz/salvo/farm_3853190/paper/.dacecache/auto_opt/src/cpu/auto_opt.cpp: In function 'void __program_auto_opt_internal(auto_opt_state_t*, dace::complex128*, dace::complex128*, long long int, long long int)':
/hppfs/work/pr28fi/di38jil/npb-shared/npb-lrz/salvo/farm_3853190/paper/.dacecache/auto_opt/src/cpu/auto_opt.cpp:146:38: error: unable to find numeric literal operator 'operator""j'
  146 |                         __out = ((-0-6.283185307179586j) * dace::complex128(__in2));
      |                                      ^~~~~~~~~~~~~~~~~~
/hppfs/work/pr28fi/di38jil/npb-shared/npb-lrz/salvo/farm_3853190/paper/.dacecache/auto_opt/src/cpu/auto_opt.cpp:146:38: note: use '-fext-numeric-literals' to enable more built-in suffixes
/hppfs/work/pr28fi/di38jil/npb-shared/npb-lrz/salvo/farm_3853190/paper/.dacecache/auto_opt/src/cpu/auto_opt.cpp:202:46: error: invalid types 'unsigned int* __restrict__[double]' for array subscript
  202 |                         __state->__0_ii_coord[(dace::math::pow(R, K)*i_0 + __i1)] = __out;
      |                                              ^
/hppfs/work/pr28fi/di38jil/npb-shared/npb-lrz/salvo/farm_3853190/paper/.dacecache/auto_opt/src/cpu/auto_opt.cpp:219:46: error: invalid types 'unsigned int* __restrict__[double]' for array subscript
  219 |                         __state->__0_jj_coord[(dace::math::pow(R, K)*__i0 + j)] = __out;
      |                                              ^
/hppfs/work/pr28fi/di38jil/npb-shared/npb-lrz/salvo/farm_3853190/paper/.dacecache/auto_opt/src/cpu/auto_opt.cpp:209:32: error: invalid controlling predicate
  209 |             for (auto j = 0; j < (dace::math::pow(R, K)); j += 1) {
      |                              ~~^~~~~~~~~~~~~~~~~~~~~~~~~
/hppfs/work/pr28fi/di38jil/npb-shared/npb-lrz/salvo/farm_3853190/paper/.dacecache/auto_opt/src/cpu/auto_opt.cpp:233:59: error: expression in new-declarator must have integral or enumeration type
  233 |             __tmp12 = new dace::complex128 DACE_ALIGN(64)[(R*dace::math::pow(R, i)*dace::math::pow(R, K - i - 1))];
      |                                                           ^
/hppfs/work/pr28fi/di38jil/npb-shared/npb-lrz/salvo/farm_3853190/paper/.dacecache/auto_opt/src/cpu/auto_opt.cpp:233:114: warning: ignoring attributes applied to class type 'dace::complex128' {aka 'std::complex<double>'} outside of definition [-Wattributes]
  233 |             __tmp12 = new dace::complex128 DACE_ALIGN(64)[(R*dace::math::pow(R, i)*dace::math::pow(R, K - i - 1))];
      |                                                                                                                  ^
/hppfs/work/pr28fi/di38jil/npb-shared/npb-lrz/salvo/farm_3853190/paper/.dacecache/auto_opt/src/cpu/auto_opt.cpp:251:71: error: invalid types 'unsigned int* __restrict__[double]' for array subscript
  251 |                             unsigned int __in2 = __state->__0_ii_coord[(dace::math::pow(R, K)*__i0 + __i1)];
      |                                                                       ^
/hppfs/work/pr28fi/di38jil/npb-shared/npb-lrz/salvo/farm_3853190/paper/.dacecache/auto_opt/src/cpu/auto_opt.cpp:256:42: error: unable to find numeric literal operator 'operator""j'
  256 |                             __out = ((-0-6.283185307179586j) * dace::complex128(__in2));
      |                                          ^~~~~~~~~~~~~~~~~~
/hppfs/work/pr28fi/di38jil/npb-shared/npb-lrz/salvo/farm_3853190/paper/.dacecache/auto_opt/src/cpu/auto_opt.cpp:256:42: note: use '-fext-numeric-literals' to enable more built-in suffixes
/hppfs/work/pr28fi/di38jil/npb-shared/npb-lrz/salvo/farm_3853190/paper/.dacecache/auto_opt/src/cpu/auto_opt.cpp:264:71: error: invalid types 'unsigned int* __restrict__[double]' for array subscript
  264 |                             unsigned int __in2 = __state->__0_jj_coord[(dace::math::pow(R, K)*__i0 + __i1)];
      |                                                                       ^
/hppfs/work/pr28fi/di38jil/npb-shared/npb-lrz/salvo/farm_3853190/paper/.dacecache/auto_opt/src/cpu/auto_opt.cpp:295:38: error: invalid types 'dace::complex128* {aka std::complex<double>*}[double]' for array subscript
  295 |                             __tmp11_0[(dace::math::pow(R, i)*__i0 + __i1)] = __out;
      |                                      ^
/hppfs/work/pr28fi/di38jil/npb-shared/npb-lrz/salvo/farm_3853190/paper/.dacecache/auto_opt/src/cpu/auto_opt.cpp:327:42: error: invalid controlling predicate
  327 |                 for (auto __i0 = 0; __i0 < (dace::math::pow(R, K)); __i0 += 1) {
      |                                     ~~~~~^~~~~~~~~~~~~~~~~~~~~~~~~
/hppfs/work/pr28fi/di38jil/npb-shared/npb-lrz/salvo/farm_3853190/paper/.dacecache/auto_opt/src/cpu/auto_opt.cpp: In function 'auto_opt_state_t* __dace_init_auto_opt(long long int, long long int)':
/hppfs/work/pr28fi/di38jil/npb-shared/npb-lrz/salvo/farm_3853190/paper/.dacecache/auto_opt/src/cpu/auto_opt.cpp:364:64: error: expression in new-declarator must have integral or enumeration type
  364 |     __state->__0___tmp18 = new dace::complex128 DACE_ALIGN(64)[(R*dace::math::pow(R, K - 1))];
      |                                                                ^
/hppfs/work/pr28fi/di38jil/npb-shared/npb-lrz/salvo/farm_3853190/paper/.dacecache/auto_opt/src/cpu/auto_opt.cpp:364:93: warning: ignoring attributes applied to class type 'dace::complex128' {aka 'std::complex<double>'} outside of definition [-Wattributes]
  364 |     __state->__0___tmp18 = new dace::complex128 DACE_ALIGN(64)[(R*dace::math::pow(R, K - 1))];
      |                                                                                             ^
/hppfs/work/pr28fi/di38jil/npb-shared/npb-lrz/salvo/farm_3853190/paper/.dacecache/auto_opt/src/cpu/auto_opt.cpp:365:67: warning: 'new' of type 'unsigned int' with extended alignment 64 [-Waligned-new=]
  365 |     __state->__0_j_coord = new unsigned int DACE_ALIGN(64)[(R * R)];
      |                                                                   ^
/hppfs/work/pr28fi/di38jil/npb-shared/npb-lrz/salvo/farm_3853190/paper/.dacecache/auto_opt/src/cpu/auto_opt.cpp:365:67: note: uses 'void* operator new [](std::size_t)', which does not have an alignment parameter
/hppfs/work/pr28fi/di38jil/npb-shared/npb-lrz/salvo/farm_3853190/paper/.dacecache/auto_opt/src/cpu/auto_opt.cpp:365:67: note: use '-faligned-new' to enable C++17 over-aligned new support
/hppfs/work/pr28fi/di38jil/npb-shared/npb-lrz/salvo/farm_3853190/paper/.dacecache/auto_opt/src/cpu/auto_opt.cpp:366:71: warning: ignoring attributes applied to class type 'dace::complex128' {aka 'std::complex<double>'} outside of definition [-Wattributes]
  366 |     __state->__0_dft_mat = new dace::complex128 DACE_ALIGN(64)[(R * R)];
      |                                                                       ^
/hppfs/work/pr28fi/di38jil/npb-shared/npb-lrz/salvo/farm_3853190/paper/.dacecache/auto_opt/src/cpu/auto_opt.cpp:367:61: error: expression in new-declarator must have integral or enumeration type
  367 |     __state->__0_ii_coord = new unsigned int DACE_ALIGN(64)[(R*dace::math::pow(R, K))];
      |                                                             ^
/hppfs/work/pr28fi/di38jil/npb-shared/npb-lrz/salvo/farm_3853190/paper/.dacecache/auto_opt/src/cpu/auto_opt.cpp:367:86: warning: 'new' of type 'unsigned int' with extended alignment 64 [-Waligned-new=]
  367 |     __state->__0_ii_coord = new unsigned int DACE_ALIGN(64)[(R*dace::math::pow(R, K))];
      |                                                                                      ^
/hppfs/work/pr28fi/di38jil/npb-shared/npb-lrz/salvo/farm_3853190/paper/.dacecache/auto_opt/src/cpu/auto_opt.cpp:367:86: note: uses 'void* operator new [](std::size_t)', which does not have an alignment parameter
/hppfs/work/pr28fi/di38jil/npb-shared/npb-lrz/salvo/farm_3853190/paper/.dacecache/auto_opt/src/cpu/auto_opt.cpp:367:86: note: use '-faligned-new' to enable C++17 over-aligned new support
/hppfs/work/pr28fi/di38jil/npb-shared/npb-lrz/salvo/farm_3853190/paper/.dacecache/auto_opt/src/cpu/auto_opt.cpp:368:61: error: expression in new-declarator must have integral or enumeration type
  368 |     __state->__0_jj_coord = new unsigned int DACE_ALIGN(64)[(R*dace::math::pow(R, K))];
      |                                                             ^
/hppfs/work/pr28fi/di38jil/npb-shared/npb-lrz/salvo/farm_3853190/paper/.dacecache/auto_opt/src/cpu/auto_opt.cpp:368:86: warning: 'new' of type 'unsigned int' with extended alignment 64 [-Waligned-new=]
  368 |     __state->__0_jj_coord = new unsigned int DACE_ALIGN(64)[(R*dace::math::pow(R, K))];
      |                                                                                      ^
/hppfs/work/pr28fi/di38jil/npb-shared/npb-lrz/salvo/farm_3853190/paper/.dacecache/auto_opt/src/cpu/auto_opt.cpp:368:86: note: uses 'void* operator new [](std::size_t)', which does not have an alignment parameter
/hppfs/work/pr28fi/di38jil/npb-shared/npb-lrz/salvo/farm_3853190/paper/.dacecache/auto_opt/src/cpu/auto_opt.cpp:368:86: note: use '-faligned-new' to enable C++17 over-aligned new support
/hppfs/work/pr28fi/di38jil/npb-shared/npb-lrz/salvo/farm_3853190/paper/.dacecache/auto_opt/src/cpu/auto_opt.cpp:369:65: error: expression in new-declarator must have integral or enumeration type
  369 |     __state->__0_tmp_perm = new dace::complex128 DACE_ALIGN(64)[(dace::math::pow(R, K))];
      |                                                                 ^
/hppfs/work/pr28fi/di38jil/npb-shared/npb-lrz/salvo/farm_3853190/paper/.dacecache/auto_opt/src/cpu/auto_opt.cpp:369:88: warning: ignoring attributes applied to class type 'dace::complex128' {aka 'std::complex<double>'} outside of definition [-Wattributes]
  369 |     __state->__0_tmp_perm = new dace::complex128 DACE_ALIGN(64)[(dace::math::pow(R, K))];
      |                                                                                        ^
/hppfs/work/pr28fi/di38jil/npb-shared/npb-lrz/salvo/farm_3853190/paper/.dacecache/auto_opt/src/cpu/auto_opt.cpp:370:58: error: expression in new-declarator must have integral or enumeration type
  370 |     __state->__0_D = new dace::complex128 DACE_ALIGN(64)[(dace::math::pow(R, K))];
      |                                                          ^
/hppfs/work/pr28fi/di38jil/npb-shared/npb-lrz/salvo/farm_3853190/paper/.dacecache/auto_opt/src/cpu/auto_opt.cpp:370:81: warning: ignoring attributes applied to class type 'dace::complex128' {aka 'std::complex<double>'} outside of definition [-Wattributes]
  370 |     __state->__0_D = new dace::complex128 DACE_ALIGN(64)[(dace::math::pow(R, K))];
      |                                                                                 ^
/hppfs/work/pr28fi/di38jil/npb-shared/npb-lrz/salvo/farm_3853190/paper/.dacecache/auto_opt/src/cpu/auto_opt.cpp:371:60: error: expression in new-declarator must have integral or enumeration type
  371 |     __state->__0_tmp = new dace::complex128 DACE_ALIGN(64)[(dace::math::pow(R, K))];
      |                                                            ^
/hppfs/work/pr28fi/di38jil/npb-shared/npb-lrz/salvo/farm_3853190/paper/.dacecache/auto_opt/src/cpu/auto_opt.cpp:371:83: warning: ignoring attributes applied to class type 'dace::complex128' {aka 'std::complex<double>'} outside of definition [-Wattributes]
  371 |     __state->__0_tmp = new dace::complex128 DACE_ALIGN(64)[(dace::math::pow(R, K))];
      |                                                                                   ^
/hppfs/work/pr28fi/di38jil/npb-shared/npb-lrz/salvo/farm_3853190/paper/.dacecache/auto_opt/src/cpu/auto_opt.cpp:372:65: error: expression in new-declarator must have integral or enumeration type
  372 |     __state->__0_tmp_twid = new dace::complex128 DACE_ALIGN(64)[(dace::math::pow(R, K))];
      |                                                                 ^
/hppfs/work/pr28fi/di38jil/npb-shared/npb-lrz/salvo/farm_3853190/paper/.dacecache/auto_opt/src/cpu/auto_opt.cpp:372:88: warning: ignoring attributes applied to class type 'dace::complex128' {aka 'std::complex<double>'} outside of definition [-Wattributes]
  372 |     __state->__0_tmp_twid = new dace::complex128 DACE_ALIGN(64)[(dace::math::pow(R, K))];
      |                                                                                        ^
gmake[2]: *** [CMakeFiles/auto_opt.dir/build.make:76: CMakeFiles/auto_opt.dir/hppfs/work/pr28fi/di38jil/npb-shared/npb-lrz/salvo/farm_3853190/paper/.dacecache/auto_opt/src/cpu/auto_opt.cpp.o] Error 1
gmake[1]: *** [CMakeFiles/Makefile2:85: CMakeFiles/auto_opt.dir/all] Error 2
gmake: *** [Makefile:91: all] Error 2

